<?xml version="1.0" encoding="UTF-8"?>
<!-- Generated by org.testng.reporters.JUnitReportReporter -->
<testsuite hostname="DESKTOP-PHOTON" failures="0" tests="24" name="testClasses.UrbanLadderHomePage" time="95.921" errors="1" timestamp="2022-01-24T14:09:32 IST" skipped="1">
  <testcase classname="testClasses.UrbanLadderHomePage" name="verifyHomePageTitle" time="0.039"/>
  <system-out/>
  <testcase classname="testClasses.UrbanLadderHomePage" name="testSubMenu" time="0.001">
    <skipped/>
  </testcase> <!-- testSubMenu -->
  <system-out/>
  <testcase classname="testClasses.UrbanLadderHomePage" name="checkVisibilityOfNavbar" time="0.180"/>
  <system-out/>
  <testcase classname="testClasses.UrbanLadderHomePage" name="testStudyMenu" time="1.230"/>
  <system-out/>
  <testcase classname="testClasses.UrbanLadderHomePage" name="testStudyChairs" time="0.328"/>
  <system-out/>
  <testcase classname="testClasses.UrbanLadderHomePage" name="printStudyChairs" time="3.221"/>
  <system-out/>
  <testcase classname="testClasses.UrbanLadderHomePage" name="testFurnitureRange" time="0.329"/>
  <system-out/>
  <testcase classname="testClasses.UrbanLadderHomePage" name="testClickAbilityOfFurnitureRange" time="0.377"/>
  <system-out/>
  <testcase classname="testClasses.UrbanLadderHomePage" name="testVisibilityOfFilters" time="6.196"/>
  <system-out/>
  <testcase classname="testClasses.UrbanLadderHomePage" name="testVisibilityOfStockCheckBox" time="0.026"/>
  <system-out/>
  <testcase classname="testClasses.UrbanLadderHomePage" name="testVisibilityOfSortByOption" time="0.031"/>
  <system-out/>
  <testcase classname="testClasses.UrbanLadderHomePage" name="printBookshelvesDetailsIncluding" time="9.282"/>
  <system-out/>
  <testcase classname="testClasses.UrbanLadderHomePage" name="printBookshelvesDetailsExcluding" time="5.622"/>
  <system-out/>
  <testcase classname="testClasses.UrbanLadderHomePage" name="goToGiftCards" time="1.918"/>
  <system-out/>
  <testcase classname="testClasses.UrbanLadderHomePage" name="testVisibilityOfBeingAtHome" time="60.081">
    <error message="no such element: Unable to locate element: {&quot;method&quot;:&quot;xpath&quot;,&quot;selector&quot;:&quot;//*[@id=&#039;topnav_wrapper&#039;]/ul/li[10]&quot;}
  (Session info: chrome=97.0.4692.71)
For documentation on this error, please visit: https://selenium.dev/exceptions/#no_such_element
Build info: version: &#039;4.1.1&#039;, revision: &#039;e8fcc2cecf&#039;
System info: host: &#039;DESKTOP-PHOTON&#039;, ip: &#039;192.168.1.11&#039;, os.name: &#039;Windows 10&#039;, os.arch: &#039;amd64&#039;, os.version: &#039;10.0&#039;, java.version: &#039;17.0.1&#039;
Driver info: org.openqa.selenium.chrome.ChromeDriver
Command: [4e37167825f9c98ccfc5249f1169eff9, findElement {using=xpath, value=//*[@id=&#039;topnav_wrapper&#039;]/ul/li[10]}]
Capabilities {acceptInsecureCerts: false, browserName: chrome, browserVersion: 97.0.4692.71, chrome: {chromedriverVersion: 97.0.4692.71 (adefa7837d02a..., userDataDir: C:\Users\Photon\AppData\Loc...}, goog:chromeOptions: {debuggerAddress: localhost:57963}, javascriptEnabled: true, networkConnectionEnabled: false, pageLoadStrategy: normal, platform: WINDOWS, platformName: WINDOWS, proxy: Proxy(), se:cdp: ws://localhost:57963/devtoo..., se:cdpVersion: 97.0.4692.71, setWindowRect: true, strictFileInteractability: false, timeouts: {implicit: 0, pageLoad: 300000, script: 30000}, unhandledPromptBehavior: dismiss and notify, webauthn:extension:credBlob: true, webauthn:extension:largeBlob: true, webauthn:virtualAuthenticators: true}
Session ID: 4e37167825f9c98ccfc5249f1169eff9" type="org.openqa.selenium.NoSuchElementException">
      <![CDATA[org.openqa.selenium.NoSuchElementException: no such element: Unable to locate element: {"method":"xpath","selector":"//*[@id='topnav_wrapper']/ul/li[10]"}
  (Session info: chrome=97.0.4692.71)
For documentation on this error, please visit: https://selenium.dev/exceptions/#no_such_element
Build info: version: '4.1.1', revision: 'e8fcc2cecf'
System info: host: 'DESKTOP-PHOTON', ip: '192.168.1.11', os.name: 'Windows 10', os.arch: 'amd64', os.version: '10.0', java.version: '17.0.1'
Driver info: org.openqa.selenium.chrome.ChromeDriver
Command: [4e37167825f9c98ccfc5249f1169eff9, findElement {using=xpath, value=//*[@id='topnav_wrapper']/ul/li[10]}]
Capabilities {acceptInsecureCerts: false, browserName: chrome, browserVersion: 97.0.4692.71, chrome: {chromedriverVersion: 97.0.4692.71 (adefa7837d02a..., userDataDir: C:\Users\Photon\AppData\Loc...}, goog:chromeOptions: {debuggerAddress: localhost:57963}, javascriptEnabled: true, networkConnectionEnabled: false, pageLoadStrategy: normal, platform: WINDOWS, platformName: WINDOWS, proxy: Proxy(), se:cdp: ws://localhost:57963/devtoo..., se:cdpVersion: 97.0.4692.71, setWindowRect: true, strictFileInteractability: false, timeouts: {implicit: 0, pageLoad: 300000, script: 30000}, unhandledPromptBehavior: dismiss and notify, webauthn:extension:credBlob: true, webauthn:extension:largeBlob: true, webauthn:virtualAuthenticators: true}
Session ID: 4e37167825f9c98ccfc5249f1169eff9
at java.base/jdk.internal.reflect.NativeConstructorAccessorImpl.newInstance0(Native Method)
at java.base/jdk.internal.reflect.NativeConstructorAccessorImpl.newInstance(NativeConstructorAccessorImpl.java:77)
at java.base/jdk.internal.reflect.DelegatingConstructorAccessorImpl.newInstance(DelegatingConstructorAccessorImpl.java:45)
at java.base/java.lang.reflect.Constructor.newInstanceWithCaller(Constructor.java:499)
at java.base/java.lang.reflect.Constructor.newInstance(Constructor.java:480)
at org.openqa.selenium.remote.codec.w3c.W3CHttpResponseCodec.createException(W3CHttpResponseCodec.java:200)
at org.openqa.selenium.remote.codec.w3c.W3CHttpResponseCodec.decode(W3CHttpResponseCodec.java:133)
at org.openqa.selenium.remote.codec.w3c.W3CHttpResponseCodec.decode(W3CHttpResponseCodec.java:53)
at org.openqa.selenium.remote.HttpCommandExecutor.execute(HttpCommandExecutor.java:184)
at org.openqa.selenium.remote.service.DriverCommandExecutor.invokeExecute(DriverCommandExecutor.java:167)
at org.openqa.selenium.remote.service.DriverCommandExecutor.execute(DriverCommandExecutor.java:142)
at org.openqa.selenium.remote.RemoteWebDriver.execute(RemoteWebDriver.java:543)
at org.openqa.selenium.remote.ElementLocation$ElementFinder$2.findElement(ElementLocation.java:162)
at org.openqa.selenium.remote.ElementLocation.findElement(ElementLocation.java:60)
at org.openqa.selenium.remote.RemoteWebDriver.findElement(RemoteWebDriver.java:367)
at org.openqa.selenium.remote.RemoteWebDriver.findElement(RemoteWebDriver.java:359)
at pageClasses.LandingPage.visibilityOfBeingAtHome(LandingPage.java:40)
at testClasses.UrbanLadderHomePage.testVisibilityOfBeingAtHome(UrbanLadderHomePage.java:123)
at java.base/jdk.internal.reflect.NativeMethodAccessorImpl.invoke0(Native Method)
at java.base/jdk.internal.reflect.NativeMethodAccessorImpl.invoke(NativeMethodAccessorImpl.java:77)
at java.base/jdk.internal.reflect.DelegatingMethodAccessorImpl.invoke(DelegatingMethodAccessorImpl.java:43)
at java.base/java.lang.reflect.Method.invoke(Method.java:568)
at org.testng.internal.MethodInvocationHelper.invokeMethod(MethodInvocationHelper.java:133)
at org.testng.internal.TestInvoker.invokeMethod(TestInvoker.java:598)
at org.testng.internal.TestInvoker.invokeTestMethod(TestInvoker.java:173)
at org.testng.internal.MethodRunner.runInSequence(MethodRunner.java:46)
at org.testng.internal.TestInvoker$MethodInvocationAgent.invoke(TestInvoker.java:824)
at org.testng.internal.TestInvoker.invokeTestMethods(TestInvoker.java:146)
at org.testng.internal.TestMethodWorker.invokeTestMethods(TestMethodWorker.java:146)
at org.testng.internal.TestMethodWorker.run(TestMethodWorker.java:128)
at java.base/java.util.ArrayList.forEach(ArrayList.java:1511)
at org.testng.TestRunner.privateRun(TestRunner.java:794)
at org.testng.TestRunner.run(TestRunner.java:596)
at org.testng.SuiteRunner.runTest(SuiteRunner.java:377)
at org.testng.SuiteRunner.runSequentially(SuiteRunner.java:371)
at org.testng.SuiteRunner.privateRun(SuiteRunner.java:332)
at org.testng.SuiteRunner.run(SuiteRunner.java:276)
at org.testng.SuiteRunnerWorker.runSuite(SuiteRunnerWorker.java:53)
at org.testng.SuiteRunnerWorker.run(SuiteRunnerWorker.java:96)
at org.testng.TestNG.runSuitesSequentially(TestNG.java:1212)
at org.testng.TestNG.runSuitesLocally(TestNG.java:1134)
at org.testng.TestNG.runSuites(TestNG.java:1063)
at org.testng.TestNG.run(TestNG.java:1031)
at org.testng.remote.AbstractRemoteTestNG.run(AbstractRemoteTestNG.java:115)
at org.testng.remote.RemoteTestNG.initAndRun(RemoteTestNG.java:251)
at org.testng.remote.RemoteTestNG.main(RemoteTestNG.java:77)
]]>
    </error>
  </testcase> <!-- testVisibilityOfBeingAtHome -->
  <system-out/>
  <testcase classname="testClasses.UrbanLadderHomePage" name="testVisibilityOfGiftCards" time="0.052"/>
  <system-out/>
  <testcase classname="testClasses.UrbanLadderHomePage" name="testVisibilityOfBirthdayOption" time="0.046"/>
  <system-out/>
  <testcase classname="testClasses.UrbanLadderHomePage" name="testClickablityOfBirthdayOption" time="0.284"/>
  <system-out/>
  <testcase classname="testClasses.UrbanLadderHomePage" name="testPriceButtonsClickable" time="0.104"/>
  <system-out/>
  <testcase classname="testClasses.UrbanLadderHomePage" name="testNextBtnEnabled3" time="0.245"/>
  <system-out/>
  <testcase classname="testClasses.UrbanLadderHomePage" name="testNextBtnEnabled2" time="0.210"/>
  <system-out/>
  <testcase classname="testClasses.UrbanLadderHomePage" name="testNextBtnEnabled1" time="5.281"/>
  <system-out/>
  <testcase classname="testClasses.UrbanLadderHomePage" name="testSendOnList" time="0.061"/>
  <system-out/>
  <testcase classname="testClasses.UrbanLadderHomePage" name="testInvalidEmail" time="0.777"/>
  <system-out/>
</testsuite> <!-- testClasses.UrbanLadderHomePage -->
